\BOOKMARK [0][-]{chapter.1}{\376\377\0001\000\040\000G\000e\000r\000e\000n\000c\000i\000a\000d\000o\000r\000\040\000d\000e\000\040\000T\000a\000r\000e\000f\000a\000s}{}% 1
\BOOKMARK [1][-]{subsection.1.0.1}{\376\377\0001\000.\0000\000.\0001\000\040\000D\000e\000s\000c\000r\000i\000\347\000\343\000o\000\040\000d\000o\000\040\000P\000r\000o\000j\000e\000t\000o}{chapter.1}% 2
\BOOKMARK [2][-]{subsection.1.0.2}{\376\377\0001\000.\0000\000.\0002\000\040\000T\000a\000r\000e\000f\000a\000.\000h}{subsection.1.0.1}% 3
\BOOKMARK [2][-]{subsection.1.0.3}{\376\377\0001\000.\0000\000.\0003\000\040\000T\000a\000r\000e\000f\000a\000.\000c\000p\000p}{subsection.1.0.1}% 4
\BOOKMARK [2][-]{subsection.1.0.4}{\376\377\0001\000.\0000\000.\0004\000\040\000G\000e\000r\000e\000n\000c\000i\000a\000d\000o\000r\000T\000a\000r\000e\000f\000a\000s\000.\000c\000p\000p}{subsection.1.0.1}% 5
\BOOKMARK [2][-]{subsection.1.0.5}{\376\377\0001\000.\0000\000.\0005\000\040\000C\000o\000n\000c\000l\000u\000s\000\343\000o}{subsection.1.0.1}% 6
\BOOKMARK [2][-]{subsection.1.0.6}{\376\377\0001\000.\0000\000.\0006\000\040\000C\000o\000m\000p\000i\000l\000a\000\347\000\343\000o}{subsection.1.0.1}% 7
\BOOKMARK [2][-]{subsection.1.0.7}{\376\377\0001\000.\0000\000.\0007\000\040\000M\000e\000n\000u}{subsection.1.0.1}% 8
\BOOKMARK [0][-]{chapter.2}{\376\377\0002\000\040\000\315\000n\000d\000i\000c\000e\000\040\000H\000i\000e\000r\000\341\000r\000q\000u\000i\000c\000o}{}% 9
\BOOKMARK [1][-]{section.2.1}{\376\377\0002\000.\0001\000\040\000H\000i\000e\000r\000a\000r\000q\000u\000i\000a\000\040\000d\000e\000\040\000C\000l\000a\000s\000s\000e\000s}{chapter.2}% 10
\BOOKMARK [0][-]{chapter.3}{\376\377\0003\000\040\000\315\000n\000d\000i\000c\000e\000\040\000d\000o\000s\000\040\000C\000o\000m\000p\000o\000n\000e\000n\000t\000e\000s}{}% 11
\BOOKMARK [1][-]{section.3.1}{\376\377\0003\000.\0001\000\040\000L\000i\000s\000t\000a\000\040\000d\000e\000\040\000C\000l\000a\000s\000s\000e\000s}{chapter.3}% 12
\BOOKMARK [0][-]{chapter.4}{\376\377\0004\000\040\000\315\000n\000d\000i\000c\000e\000\040\000d\000o\000s\000\040\000A\000r\000q\000u\000i\000v\000o\000s}{}% 13
\BOOKMARK [1][-]{section.4.1}{\376\377\0004\000.\0001\000\040\000L\000i\000s\000t\000a\000\040\000d\000e\000\040\000A\000r\000q\000u\000i\000v\000o\000s}{chapter.4}% 14
\BOOKMARK [0][-]{chapter.5}{\376\377\0005\000\040\000C\000l\000a\000s\000s\000e\000s}{}% 15
\BOOKMARK [1][-]{section.5.1}{\376\377\0005\000.\0001\000\040\000R\000e\000f\000e\000r\000\352\000n\000c\000i\000a\000\040\000d\000a\000\040\000C\000l\000a\000s\000s\000e\000\040\000T\000a\000r\000e\000f\000a}{chapter.5}% 16
\BOOKMARK [2][-]{subsection.5.1.1}{\376\377\0005\000.\0001\000.\0001\000\040\000D\000e\000s\000c\000r\000i\000\347\000\343\000o\000\040\000d\000e\000t\000a\000l\000h\000a\000d\000a}{section.5.1}% 17
\BOOKMARK [2][-]{subsection.5.1.2}{\376\377\0005\000.\0001\000.\0002\000\040\000C\000o\000n\000s\000t\000r\000u\000t\000o\000r\000e\000s\000\040\000e\000\040\000D\000e\000s\000t\000r\000u\000t\000o\000r\000e\000s}{section.5.1}% 18
\BOOKMARK [3][-]{subsubsection.5.1.2.1}{\376\377\0005\000.\0001\000.\0002\000.\0001\000\040\000T\000a\000r\000e\000f\000a\000\050\000\051}{subsection.5.1.2}% 19
\BOOKMARK [2][-]{subsection.5.1.3}{\376\377\0005\000.\0001\000.\0003\000\040\000F\000u\000n\000\347\000\365\000e\000s\000\040\000m\000e\000m\000b\000r\000o\000s}{section.5.1}% 20
\BOOKMARK [3][-]{subsubsection.5.1.3.1}{\376\377\0005\000.\0001\000.\0003\000.\0001\000\040\000a\000t\000u\000a\000l\000i\000z\000a\000r\000T\000o\000t\000a\000l\000T\000a\000r\000e\000f\000a\000s\000\050\000\051}{subsection.5.1.3}% 21
\BOOKMARK [3][-]{subsubsection.5.1.3.2}{\376\377\0005\000.\0001\000.\0003\000.\0002\000\040\000e\000s\000t\000a\000C\000o\000n\000c\000l\000u\000i\000d\000a\000\050\000\051}{subsection.5.1.3}% 22
\BOOKMARK [3][-]{subsubsection.5.1.3.3}{\376\377\0005\000.\0001\000.\0003\000.\0003\000\040\000g\000e\000t\000D\000e\000s\000c\000r\000i\000c\000a\000o\000\050\000\051}{subsection.5.1.3}% 23
\BOOKMARK [3][-]{subsubsection.5.1.3.4}{\376\377\0005\000.\0001\000.\0003\000.\0004\000\040\000g\000e\000t\000I\000d\000\050\000\051}{subsection.5.1.3}% 24
\BOOKMARK [3][-]{subsubsection.5.1.3.5}{\376\377\0005\000.\0001\000.\0003\000.\0005\000\040\000g\000e\000t\000T\000o\000t\000a\000l\000T\000a\000r\000e\000f\000a\000s\000\050\000\051}{subsection.5.1.3}% 25
\BOOKMARK [2][-]{subsection.5.1.4}{\376\377\0005\000.\0001\000.\0004\000\040\000A\000m\000i\000g\000a\000s\000\040\000e\000\040\000F\000u\000n\000\347\000\365\000e\000s\000\040\000R\000e\000l\000a\000c\000i\000o\000n\000a\000d\000a\000s}{section.5.1}% 26
\BOOKMARK [3][-]{subsubsection.5.1.4.1}{\376\377\0005\000.\0001\000.\0004\000.\0001\000\040\000o\000p\000e\000r\000a\000t\000o\000r\000<\000<}{subsection.5.1.4}% 27
\BOOKMARK [2][-]{subsection.5.1.5}{\376\377\0005\000.\0001\000.\0005\000\040\000A\000t\000r\000i\000b\000u\000t\000o\000s}{section.5.1}% 28
\BOOKMARK [3][-]{subsubsection.5.1.5.1}{\376\377\0005\000.\0001\000.\0005\000.\0001\000\040\000c\000o\000n\000c\000l\000u\000i\000d\000a}{subsection.5.1.5}% 29
\BOOKMARK [3][-]{subsubsection.5.1.5.2}{\376\377\0005\000.\0001\000.\0005\000.\0002\000\040\000d\000e\000s\000c\000r\000i\000c\000a\000o}{subsection.5.1.5}% 30
\BOOKMARK [3][-]{subsubsection.5.1.5.3}{\376\377\0005\000.\0001\000.\0005\000.\0003\000\040\000i\000d}{subsection.5.1.5}% 31
\BOOKMARK [3][-]{subsubsection.5.1.5.4}{\376\377\0005\000.\0001\000.\0005\000.\0004\000\040\000t\000o\000t\000a\000l\000T\000a\000r\000e\000f\000a\000s}{subsection.5.1.5}% 32
\BOOKMARK [1][-]{section.5.2}{\376\377\0005\000.\0002\000\040\000R\000e\000f\000e\000r\000\352\000n\000c\000i\000a\000\040\000d\000a\000\040\000C\000l\000a\000s\000s\000e\000\040\000T\000a\000r\000e\000f\000a\000A\000m\000a\000n\000h\000a}{chapter.5}% 33
\BOOKMARK [2][-]{subsection.5.2.1}{\376\377\0005\000.\0002\000.\0001\000\040\000D\000e\000s\000c\000r\000i\000\347\000\343\000o\000\040\000d\000e\000t\000a\000l\000h\000a\000d\000a}{section.5.2}% 34
\BOOKMARK [2][-]{subsection.5.2.2}{\376\377\0005\000.\0002\000.\0002\000\040\000C\000o\000n\000s\000t\000r\000u\000t\000o\000r\000e\000s\000\040\000e\000\040\000D\000e\000s\000t\000r\000u\000t\000o\000r\000e\000s}{section.5.2}% 35
\BOOKMARK [3][-]{subsubsection.5.2.2.1}{\376\377\0005\000.\0002\000.\0002\000.\0001\000\040\000T\000a\000r\000e\000f\000a\000A\000m\000a\000n\000h\000a\000\050\000\051}{subsection.5.2.2}% 36
\BOOKMARK [2][-]{subsection.5.2.3}{\376\377\0005\000.\0002\000.\0003\000\040\000F\000u\000n\000\347\000\365\000e\000s\000\040\000m\000e\000m\000b\000r\000o\000s}{section.5.2}% 37
\BOOKMARK [3][-]{subsubsection.5.2.3.1}{\376\377\0005\000.\0002\000.\0003\000.\0001\000\040\000a\000t\000u\000a\000l\000i\000z\000a\000r\000T\000o\000t\000a\000l\000T\000a\000r\000e\000f\000a\000s\000A\000m\000a\000n\000h\000a\000\050\000\051}{subsection.5.2.3}% 38
\BOOKMARK [3][-]{subsubsection.5.2.3.2}{\376\377\0005\000.\0002\000.\0003\000.\0002\000\040\000g\000e\000t\000T\000o\000t\000a\000l\000T\000a\000r\000e\000f\000a\000s\000A\000m\000a\000n\000h\000a\000\050\000\051}{subsection.5.2.3}% 39
\BOOKMARK [2][-]{subsection.5.2.4}{\376\377\0005\000.\0002\000.\0004\000\040\000A\000t\000r\000i\000b\000u\000t\000o\000s}{section.5.2}% 40
\BOOKMARK [3][-]{subsubsection.5.2.4.1}{\376\377\0005\000.\0002\000.\0004\000.\0001\000\040\000t\000o\000t\000a\000l\000T\000a\000r\000e\000f\000a\000s\000A\000m\000a\000n\000h\000a}{subsection.5.2.4}% 41
\BOOKMARK [0][-]{chapter.6}{\376\377\0006\000\040\000A\000r\000q\000u\000i\000v\000o\000s}{}% 42
\BOOKMARK [1][-]{section.6.1}{\376\377\0006\000.\0001\000\040\000R\000e\000f\000e\000r\000\352\000n\000c\000i\000a\000\040\000d\000o\000\040\000A\000r\000q\000u\000i\000v\000o\000\040\000s\000r\000c\000/\000G\000e\000r\000e\000n\000c\000i\000a\000d\000o\000r\000T\000a\000r\000e\000f\000a\000s\000.\000c\000p\000p}{chapter.6}% 43
\BOOKMARK [2][-]{subsection.6.1.1}{\376\377\0006\000.\0001\000.\0001\000\040\000D\000e\000s\000c\000r\000i\000\347\000\343\000o\000\040\000d\000e\000t\000a\000l\000h\000a\000d\000a}{section.6.1}% 44
\BOOKMARK [2][-]{subsection.6.1.2}{\376\377\0006\000.\0001\000.\0002\000\040\000F\000u\000n\000\347\000\365\000e\000s}{section.6.1}% 45
\BOOKMARK [3][-]{subsubsection.6.1.2.1}{\376\377\0006\000.\0001\000.\0002\000.\0001\000\040\000a\000d\000i\000c\000i\000o\000n\000a\000r\000T\000a\000r\000e\000f\000a\000\050\000\051}{subsection.6.1.2}% 46
\BOOKMARK [3][-]{subsubsection.6.1.2.2}{\376\377\0006\000.\0001\000.\0002\000.\0002\000\040\000a\000d\000i\000c\000i\000o\000n\000a\000r\000T\000a\000r\000e\000f\000a\000A\000m\000a\000n\000h\000a\000\050\000\051}{subsection.6.1.2}% 47
\BOOKMARK [3][-]{subsubsection.6.1.2.3}{\376\377\0006\000.\0001\000.\0002\000.\0003\000\040\000c\000o\000n\000c\000l\000u\000i\000r\000T\000a\000r\000e\000f\000a\000\050\000\051}{subsection.6.1.2}% 48
\BOOKMARK [3][-]{subsubsection.6.1.2.4}{\376\377\0006\000.\0001\000.\0002\000.\0004\000\040\000e\000x\000i\000b\000i\000r\000T\000a\000r\000e\000f\000a\000s\000\050\000\051}{subsection.6.1.2}% 49
\BOOKMARK [3][-]{subsubsection.6.1.2.5}{\376\377\0006\000.\0001\000.\0002\000.\0005\000\040\000l\000i\000s\000t\000a\000r\000T\000a\000r\000e\000f\000a\000s\000A\000m\000a\000n\000h\000a\000\050\000\051}{subsection.6.1.2}% 50
\BOOKMARK [3][-]{subsubsection.6.1.2.6}{\376\377\0006\000.\0001\000.\0002\000.\0006\000\040\000m\000a\000i\000n\000\050\000\051}{subsection.6.1.2}% 51
\BOOKMARK [3][-]{subsubsection.6.1.2.7}{\376\377\0006\000.\0001\000.\0002\000.\0007\000\040\000s\000a\000l\000v\000a\000r\000T\000a\000r\000e\000f\000a\000s\000\050\000\051}{subsection.6.1.2}% 52
\BOOKMARK [1][-]{section.6.2}{\376\377\0006\000.\0002\000\040\000R\000e\000f\000e\000r\000\352\000n\000c\000i\000a\000\040\000d\000o\000\040\000A\000r\000q\000u\000i\000v\000o\000\040\000s\000r\000c\000/\000T\000a\000r\000e\000f\000a\000.\000c\000p\000p}{chapter.6}% 53
\BOOKMARK [2][-]{subsection.6.2.1}{\376\377\0006\000.\0002\000.\0001\000\040\000D\000e\000s\000c\000r\000i\000\347\000\343\000o\000\040\000d\000e\000t\000a\000l\000h\000a\000d\000a}{section.6.2}% 54
\BOOKMARK [2][-]{subsection.6.2.2}{\376\377\0006\000.\0002\000.\0002\000\040\000F\000u\000n\000\347\000\365\000e\000s}{section.6.2}% 55
\BOOKMARK [3][-]{subsubsection.6.2.2.1}{\376\377\0006\000.\0002\000.\0002\000.\0001\000\040\000o\000p\000e\000r\000a\000t\000o\000r\000<\000<\000\050\000\051}{subsection.6.2.2}% 56
\BOOKMARK [1][-]{section.6.3}{\376\377\0006\000.\0003\000\040\000R\000e\000f\000e\000r\000\352\000n\000c\000i\000a\000\040\000d\000o\000\040\000A\000r\000q\000u\000i\000v\000o\000\040\000s\000r\000c\000/\000T\000a\000r\000e\000f\000a\000.\000h}{chapter.6}% 57
\BOOKMARK [2][-]{subsection.6.3.1}{\376\377\0006\000.\0003\000.\0001\000\040\000D\000e\000s\000c\000r\000i\000\347\000\343\000o\000\040\000d\000e\000t\000a\000l\000h\000a\000d\000a}{section.6.3}% 58
\BOOKMARK [0][-]{section*.19}{\376\377\000\315\000n\000d\000i\000c\000e\000\040\000R\000e\000m\000i\000s\000s\000i\000v\000o}{}% 59
